<?xml version="1.0" encoding="UTF-8" standalone="no"?>
<testsuite failures="0" name="cucumber.runtime.formatter.JUnitFormatter" skipped="0" tests="1" time="169.533344">
<testcase classname="FreeCRM Deals Data Feature" name="FreeCRM Deal Test Scenario" time="169.533344">
<system-out><![CDATA[Given User is already is login Page.........................................passed
When Page Title is FreeCRM..................................................passed
Then User enters username and password......................................passed
Then User clicks on Login Button............................................passed
And User is on HomePage.....................................................passed
And User moves to Deals Page................................................passed
And User enters deals details...............................................passed
And Close the Browser.......................................................passed
]]></system-out>
</testcase>
</testsuite>
